\BOOKMARK [0][-]{chapter*.2}{\376\377\000S\000e\000z\000n\000a\000m\000\040\000p\000o\000u\001\176\000i\000t\000\375\000c\000h\000\040\000s\000y\000m\000b\000o\000l\001\157\000\040\000a\000\040\000z\000k\000r\000a\000t\000e\000k}{}% 1
\BOOKMARK [0][-]{chapter*.3}{\376\377\000S\000e\000z\000n\000a\000m\000\040\000o\000b\000r\000\341\000z\000k\001\157}{}% 2
\BOOKMARK [0][-]{chapter.1}{\376\377\000\332\000v\000o\000d}{}% 3
\BOOKMARK [0][-]{chapter.2}{\376\377\000P\000o\000u\001\176\000i\000t\000\351\000\040\000t\000e\000c\000h\000n\000o\000l\000o\000g\000i\000e\000\040\000a\000\040\000a\000r\000c\000h\000i\000t\000e\000k\000t\000u\000r\000a}{}% 4
\BOOKMARK [1][-]{section.2.1}{\376\377\000W\000e\000b\000o\000v\000\351\000\040\000t\000e\000c\000h\000n\000o\000l\000o\000g\000i\000e}{chapter.2}% 5
\BOOKMARK [1][-]{section.2.2}{\376\377\000R\000e\000a\000c\000t\000\040\000a\000\040\000V\000i\000t\000e}{chapter.2}% 6
\BOOKMARK [1][-]{section.2.3}{\376\377\000A\000r\000c\000h\000i\000t\000e\000k\000t\000u\000r\000a\000\040\000a\000\040\000s\000t\000r\000u\000k\000t\000u\000r\000a\000\040\000k\000\363\000d\000u}{chapter.2}% 7
\BOOKMARK [1][-]{section.2.4}{\376\377\000V\000i\000z\000u\000a\000l\000i\000z\000a\000c\000e\000\040\000g\000r\000a\000f\001\157}{chapter.2}% 8
\BOOKMARK [1][-]{section.2.5}{\376\377\000S\000t\000y\000l\000o\000v\000\341\000n\000\355\000\040\000a\000\040\000r\000e\000s\000p\000o\000n\000z\000i\000v\000i\000t\000a}{chapter.2}% 9
\BOOKMARK [1][-]{section.2.6}{\376\377\000S\000p\000r\000\341\000v\000a\000\040\000v\000s\000t\000u\000p\001\157\000\040\000a\000\040\000v\000\375\000s\000t\000u\000p\001\157}{chapter.2}% 10
\BOOKMARK [1][-]{section.2.7}{\376\377\000N\000o\000t\000i\000f\000i\000k\000a\000c\000e\000\040\000a\000\040\000z\000p\001\033\000t\000n\000\341\000\040\000v\000a\000z\000b\000a}{chapter.2}% 11
\BOOKMARK [1][-]{section.2.8}{\376\377\000V\000\375\000v\000o\000j\000o\000v\000\351\000\040\000n\000\341\000s\000t\000r\000o\000j\000e}{chapter.2}% 12
\BOOKMARK [1][-]{section.2.9}{\376\377\000N\000a\000s\000a\000z\000e\000n\000\355\000\040\000a\000p\000l\000i\000k\000a\000c\000e}{chapter.2}% 13
\BOOKMARK [0][-]{chapter.3}{\376\377\000M\000o\000n\000o\000t\000o\000n\000e\000\040\000C\000i\000r\000c\000u\000i\000t\000\040\000V\000a\000l\000u\000e\000\040\000P\000r\000o\000b\000l\000e\000m}{}% 14
\BOOKMARK [1][-]{section.3.1}{\376\377\000T\000e\000o\000r\000e\000t\000i\000c\000k\000\375\000\040\000z\000\341\000k\000l\000a\000d}{chapter.3}% 15
\BOOKMARK [1][-]{section.3.2}{\376\377\000F\000o\000r\000m\000\341\000t\000\040\000v\000s\000t\000u\000p\000u\000\040\000a\000\040\000p\000a\000r\000s\000o\000v\000\341\000n\000\355\000\040\000v\000\375\000r\000a\000z\001\157}{chapter.3}% 16
\BOOKMARK [1][-]{section.3.3}{\376\377\000V\000y\000h\000o\000d\000n\000o\000c\000e\000n\000\355\000\040\000o\000b\000v\000o\000d\000u}{chapter.3}% 17
\BOOKMARK [1][-]{section.3.4}{\376\377\000I\000n\000t\000e\000r\000a\000k\000t\000i\000v\000n\000\355\000\040\000e\000d\000i\000t\000a\000c\000e\000\040\000o\000b\000v\000o\000d\000u}{chapter.3}% 18
\BOOKMARK [1][-]{section.3.5}{\376\377\000G\000e\000n\000e\000r\000o\000v\000\341\000n\000\355\000\040\000n\000\341\000h\000o\000d\000n\000\375\000c\000h\000\040\000o\000b\000v\000o\000d\001\157}{chapter.3}% 19
\BOOKMARK [1][-]{section.3.6}{\376\377\000V\000i\000z\000u\000a\000l\000i\000z\000a\000c\000e\000\040\000o\000b\000v\000o\000d\000u}{chapter.3}% 20
\BOOKMARK [1][-]{section.3.7}{\376\377\000P\001\131\000e\000v\000o\000d\000\040\000n\000a\000\040\000k\000o\000m\000b\000i\000n\000a\000t\000o\000r\000i\000c\000k\000o\000u\000\040\000h\000r\000u}{chapter.3}% 21
\BOOKMARK [1][-]{section.3.8}{\376\377\000P\001\131\000e\000v\000o\000d\000\040\000n\000a\000\040\000b\000e\000z\000k\000o\000n\000t\000e\000x\000t\000o\000v\000o\000u\000\040\000g\000r\000a\000m\000a\000t\000i\000k\000u}{chapter.3}% 22
\BOOKMARK [1][-]{section.3.9}{\376\377\000P\001\131\000e\000d\000p\001\131\000i\000p\000r\000a\000v\000e\000n\000\351\000\040\000s\000a\000d\000y}{chapter.3}% 23
\BOOKMARK [0][-]{chapter.4}{\376\377\000K\000o\000m\000b\000i\000n\000a\000t\000o\000r\000i\000c\000k\000\341\000\040\000h\000r\000a}{}% 24
\BOOKMARK [1][-]{section.4.1}{\376\377\000T\000e\000o\000r\000e\000t\000i\000c\000k\000\375\000\040\000z\000\341\000k\000l\000a\000d}{chapter.4}% 25
\BOOKMARK [1][-]{section.4.2}{\376\377\000F\000o\000r\000m\000\341\000t\000\040\000v\000s\000t\000u\000p\000u}{chapter.4}% 26
\BOOKMARK [1][-]{section.4.3}{\376\377\000I\000n\000t\000e\000r\000a\000k\000t\000i\000v\000n\000\355\000\040\000e\000d\000i\000t\000a\000c\000e\000\040\000g\000r\000a\000f\000u}{chapter.4}% 27
\BOOKMARK [1][-]{section.4.4}{\376\377\000G\000e\000n\000e\000r\000o\000v\000\341\000n\000\355\000\040\000n\000\341\000h\000o\000d\000n\000\375\000c\000h\000\040\000h\000e\000r}{chapter.4}% 28
\BOOKMARK [1][-]{section.4.5}{\376\377\000P\001\131\000e\000d\000p\001\131\000i\000p\000r\000a\000v\000e\000n\000\351\000\040\000s\000a\000d\000y}{chapter.4}% 29
\BOOKMARK [1][-]{section.4.6}{\376\377\000V\000i\000z\000u\000a\000l\000i\000z\000a\000c\000e\000\040\000g\000r\000a\000f\000u}{chapter.4}% 30
\BOOKMARK [1][-]{section.4.7}{\376\377\000A\000l\000g\000o\000r\000i\000t\000m\000u\000s\000\040\000a\000n\000a\000l\000\375\000z\000y}{chapter.4}% 31
\BOOKMARK [1][-]{section.4.8}{\376\377\000K\000r\000o\000k\000o\000v\000\351\000\040\000v\000y\000h\000o\000d\000n\000o\000c\000e\000n\000\355}{chapter.4}% 32
\BOOKMARK [0][-]{chapter.5}{\376\377\000P\000r\000o\000b\000l\000\351\000m\000\040\000n\000e\000p\000r\000\341\000z\000d\000n\000o\000s\000t\000i\000\040\000j\000a\000z\000y\000k\000a\000\040\000\040\000b\000e\000z\000k\000o\000n\000t\000e\000x\000t\000o\000v\000\351\000\040\000g\000r\000a\000m\000a\000t\000i\000k\000y}{}% 33
\BOOKMARK [1][-]{section.5.1}{\376\377\000T\000e\000o\000r\000e\000t\000i\000c\000k\000\375\000\040\000z\000\341\000k\000l\000a\000d}{chapter.5}% 34
\BOOKMARK [1][-]{section.5.2}{\376\377\000F\000o\000r\000m\000\341\000t\000\040\000v\000s\000t\000u\000p\000u}{chapter.5}% 35
\BOOKMARK [1][-]{section.5.3}{\376\377\000M\000a\000n\000u\000\341\000l\000n\000\355\000\040\000z\000a\000d\000\341\000n\000\355\000\040\000g\000r\000a\000m\000a\000t\000i\000k\000y}{chapter.5}% 36
\BOOKMARK [1][-]{section.5.4}{\376\377\000G\000e\000n\000e\000r\000o\000v\000\341\000n\000\355\000\040\000n\000\341\000h\000o\000d\000n\000\375\000c\000h\000\040\000g\000r\000a\000m\000a\000t\000i\000k}{chapter.5}% 37
\BOOKMARK [1][-]{section.5.5}{\376\377\000P\001\131\000e\000d\000p\001\131\000i\000p\000r\000a\000v\000e\000n\000\351\000\040\000s\000a\000d\000y}{chapter.5}% 38
\BOOKMARK [1][-]{section.5.6}{\376\377\000A\000l\000g\000o\000r\000i\000t\000m\000u\000s\000\040\000v\000y\000h\000o\000d\000n\000o\000c\000e\000n\000\355}{chapter.5}% 39
\BOOKMARK [1][-]{section.5.7}{\376\377\000V\000i\000z\000u\000a\000l\000i\000z\000a\000c\000e\000\040\000d\000e\000r\000i\000v\000a\001\015\000n\000\355\000h\000o\000\040\000s\000t\000r\000o\000m\000u}{chapter.5}% 40
\BOOKMARK [1][-]{section.5.8}{\376\377\000K\000r\000o\000k\000o\000v\000\351\000\040\000v\000y\000h\000o\000d\000n\000o\000c\000e\000n\000\355}{chapter.5}% 41
\BOOKMARK [0][-]{chapter.6}{\376\377\000Z\000\341\000v\001\033\000r}{}% 42
\BOOKMARK [1][-]{section.6.1}{\376\377\000D\000o\000s\000a\001\176\000e\000n\000\351\000\040\000v\000\375\000s\000l\000e\000d\000k\000y}{chapter.6}% 43
\BOOKMARK [1][-]{section.6.2}{\376\377\000V\000z\000d\001\033\000l\000\341\000v\000a\000c\000\355\000\040\000p\001\131\000\355\000n\000o\000s}{chapter.6}% 44
\BOOKMARK [1][-]{section.6.3}{\376\377\000M\000o\001\176\000n\000o\000s\000t\000i\000\040\000d\000a\000l\001\141\000\355\000h\000o\000\040\000r\000o\000z\000v\000o\000j\000e}{chapter.6}% 45
\BOOKMARK [0][-]{chapter*.12}{\376\377\000L\000i\000t\000e\000r\000a\000t\000u\000r\000a}{}% 46
